<?xml version="1.0" encoding="UTF-8"?>
<testng-results ignored="0" total="1" passed="1" failed="0" skipped="0">
  <reporter-output>
  </reporter-output>
  <suite started-at="2024-01-15T13:11:00 IST" name="Default suite" finished-at="2024-01-15T13:11:01 IST" duration-ms="633">
    <groups>
    </groups>
    <test started-at="2024-01-15T13:11:00 IST" name="Default test" finished-at="2024-01-15T13:11:01 IST" duration-ms="633">
      <class name="ExcelUtil.ReadExcelHashmap">
        <test-method signature="test1()[pri:0, instance:ExcelUtil.ReadExcelHashmap@72a7c7e0]" started-at="2024-01-15T13:11:00 IST" name="test1" finished-at="2024-01-15T13:11:01 IST" duration-ms="601" status="PASS">
          <reporter-output>
          </reporter-output>
        </test-method> <!-- test1 -->
      </class> <!-- ExcelUtil.ReadExcelHashmap -->
    </test> <!-- Default test -->
  </suite> <!-- Default suite -->
</testng-results>
